<?xml version="1.0" encoding="UTF-8"?>
<testsuite name="com.shopvintage.eurekaserver.EurekaServerApplicationTests" tests="1" skipped="0" failures="0" errors="0" timestamp="2021-02-24T20:53:59" hostname="Alfredos-MacBook-Pro.local" time="0.472">
  <properties/>
  <testcase name="contextLoads()" classname="com.shopvintage.eurekaserver.EurekaServerApplicationTests" time="0.472"/>
  <system-out><![CDATA[15:53:55.223 [Test worker] DEBUG org.springframework.test.context.BootstrapUtils - Instantiating CacheAwareContextLoaderDelegate from class [org.springframework.test.context.cache.DefaultCacheAwareContextLoaderDelegate]
15:53:55.237 [Test worker] DEBUG org.springframework.test.context.BootstrapUtils - Instantiating BootstrapContext using constructor [public org.springframework.test.context.support.DefaultBootstrapContext(java.lang.Class,org.springframework.test.context.CacheAwareContextLoaderDelegate)]
15:53:55.278 [Test worker] DEBUG org.springframework.test.context.BootstrapUtils - Instantiating TestContextBootstrapper for test class [com.shopvintage.eurekaserver.EurekaServerApplicationTests] from class [org.springframework.boot.test.context.SpringBootTestContextBootstrapper]
15:53:55.291 [Test worker] INFO org.springframework.boot.test.context.SpringBootTestContextBootstrapper - Neither @ContextConfiguration nor @ContextHierarchy found for test class [com.shopvintage.eurekaserver.EurekaServerApplicationTests], using SpringBootContextLoader
15:53:55.295 [Test worker] DEBUG org.springframework.test.context.support.AbstractContextLoader - Did not detect default resource location for test class [com.shopvintage.eurekaserver.EurekaServerApplicationTests]: class path resource [com/shopvintage/eurekaserver/EurekaServerApplicationTests-context.xml] does not exist
15:53:55.296 [Test worker] DEBUG org.springframework.test.context.support.AbstractContextLoader - Did not detect default resource location for test class [com.shopvintage.eurekaserver.EurekaServerApplicationTests]: class path resource [com/shopvintage/eurekaserver/EurekaServerApplicationTestsContext.groovy] does not exist
15:53:55.296 [Test worker] INFO org.springframework.test.context.support.AbstractContextLoader - Could not detect default resource locations for test class [com.shopvintage.eurekaserver.EurekaServerApplicationTests]: no resource found for suffixes {-context.xml, Context.groovy}.
15:53:55.297 [Test worker] INFO org.springframework.test.context.support.AnnotationConfigContextLoaderUtils - Could not detect default configuration classes for test class [com.shopvintage.eurekaserver.EurekaServerApplicationTests]: EurekaServerApplicationTests does not declare any static, non-private, non-final, nested classes annotated with @Configuration.
15:53:55.347 [Test worker] DEBUG org.springframework.test.context.support.ActiveProfilesUtils - Could not find an 'annotation declaring class' for annotation type [org.springframework.test.context.ActiveProfiles] and class [com.shopvintage.eurekaserver.EurekaServerApplicationTests]
15:53:55.412 [Test worker] DEBUG org.springframework.context.annotation.ClassPathScanningCandidateComponentProvider - Identified candidate component class: file [/Users/alfredobenaute/bootcamp/bootcamp-shopvintage-eurekaserver/build/classes/java/main/com/shopvintage/eurekaserver/EurekaServerApplication.class]
15:53:55.413 [Test worker] INFO org.springframework.boot.test.context.SpringBootTestContextBootstrapper - Found @SpringBootConfiguration com.shopvintage.eurekaserver.EurekaServerApplication for test class com.shopvintage.eurekaserver.EurekaServerApplicationTests
15:53:55.537 [Test worker] DEBUG org.springframework.boot.test.context.SpringBootTestContextBootstrapper - @TestExecutionListeners is not present for class [com.shopvintage.eurekaserver.EurekaServerApplicationTests]: using defaults.
15:53:55.538 [Test worker] INFO org.springframework.boot.test.context.SpringBootTestContextBootstrapper - Loaded default TestExecutionListener class names from location [META-INF/spring.factories]: [org.springframework.boot.test.autoconfigure.restdocs.RestDocsTestExecutionListener, org.springframework.boot.test.autoconfigure.web.client.MockRestServiceServerResetTestExecutionListener, org.springframework.boot.test.autoconfigure.web.servlet.MockMvcPrintOnlyOnFailureTestExecutionListener, org.springframework.boot.test.autoconfigure.web.servlet.WebDriverTestExecutionListener, org.springframework.boot.test.autoconfigure.webservices.client.MockWebServiceServerTestExecutionListener, org.springframework.boot.test.mock.mockito.MockitoTestExecutionListener, org.springframework.boot.test.mock.mockito.ResetMocksTestExecutionListener, org.springframework.test.context.web.ServletTestExecutionListener, org.springframework.test.context.support.DirtiesContextBeforeModesTestExecutionListener, org.springframework.test.context.event.ApplicationEventsTestExecutionListener, org.springframework.test.context.support.DependencyInjectionTestExecutionListener, org.springframework.test.context.support.DirtiesContextTestExecutionListener, org.springframework.test.context.transaction.TransactionalTestExecutionListener, org.springframework.test.context.jdbc.SqlScriptsTestExecutionListener, org.springframework.test.context.event.EventPublishingTestExecutionListener]
15:53:55.550 [Test worker] DEBUG org.springframework.boot.test.context.SpringBootTestContextBootstrapper - Skipping candidate TestExecutionListener [org.springframework.test.context.transaction.TransactionalTestExecutionListener] due to a missing dependency. Specify custom listener classes or make the default listener classes and their required dependencies available. Offending class: [org/springframework/transaction/interceptor/TransactionAttributeSource]
15:53:55.551 [Test worker] DEBUG org.springframework.boot.test.context.SpringBootTestContextBootstrapper - Skipping candidate TestExecutionListener [org.springframework.test.context.jdbc.SqlScriptsTestExecutionListener] due to a missing dependency. Specify custom listener classes or make the default listener classes and their required dependencies available. Offending class: [org/springframework/transaction/interceptor/TransactionAttribute]
15:53:55.551 [Test worker] INFO org.springframework.boot.test.context.SpringBootTestContextBootstrapper - Using TestExecutionListeners: [org.springframework.test.context.web.ServletTestExecutionListener@65620a7f, org.springframework.test.context.support.DirtiesContextBeforeModesTestExecutionListener@781a5f57, org.springframework.test.context.event.ApplicationEventsTestExecutionListener@631a5e08, org.springframework.boot.test.mock.mockito.MockitoTestExecutionListener@6abc315f, org.springframework.boot.test.autoconfigure.SpringBootDependencyInjectionTestExecutionListener@1f78ff85, org.springframework.test.context.support.DirtiesContextTestExecutionListener@3532ebda, org.springframework.test.context.event.EventPublishingTestExecutionListener@469196a, org.springframework.boot.test.autoconfigure.restdocs.RestDocsTestExecutionListener@fd4f671, org.springframework.boot.test.autoconfigure.web.client.MockRestServiceServerResetTestExecutionListener@5708a4d9, org.springframework.boot.test.autoconfigure.web.servlet.MockMvcPrintOnlyOnFailureTestExecutionListener@75c6f9d9, org.springframework.boot.test.autoconfigure.web.servlet.WebDriverTestExecutionListener@39a80c42, org.springframework.boot.test.autoconfigure.webservices.client.MockWebServiceServerTestExecutionListener@11671278, org.springframework.boot.test.mock.mockito.ResetMocksTestExecutionListener@35b42e1]
15:53:55.555 [Test worker] DEBUG org.springframework.test.context.support.AbstractDirtiesContextTestExecutionListener - Before test class: context [DefaultTestContext@28382e00 testClass = EurekaServerApplicationTests, testInstance = [null], testMethod = [null], testException = [null], mergedContextConfiguration = [WebMergedContextConfiguration@40d8f76 testClass = EurekaServerApplicationTests, locations = '{}', classes = '{class com.shopvintage.eurekaserver.EurekaServerApplication}', contextInitializerClasses = '[]', activeProfiles = '{}', propertySourceLocations = '{}', propertySourceProperties = '{org.springframework.boot.test.context.SpringBootTestContextBootstrapper=true}', contextCustomizers = set[org.springframework.boot.test.autoconfigure.actuate.metrics.MetricsExportContextCustomizerFactory$DisableMetricExportContextCustomizer@40e84173, org.springframework.boot.test.autoconfigure.properties.PropertyMappingContextCustomizer@0, org.springframework.boot.test.autoconfigure.web.servlet.WebDriverContextCustomizerFactory$Customizer@5ba738da, org.springframework.boot.test.context.filter.ExcludeFilterContextCustomizer@7cae624c, org.springframework.boot.test.json.DuplicateJsonObjectContextCustomizerFactory$DuplicateJsonObjectContextCustomizer@75d35486, org.springframework.boot.test.mock.mockito.MockitoContextCustomizer@0, org.springframework.boot.test.web.client.TestRestTemplateContextCustomizer@397a1caa, org.springframework.boot.test.context.SpringBootTestArgs@1, org.springframework.boot.test.context.SpringBootTestWebEnvironment@4642a04d], resourceBasePath = 'src/main/webapp', contextLoader = 'org.springframework.boot.test.context.SpringBootContextLoader', parent = [null]], attributes = map['org.springframework.test.context.web.ServletTestExecutionListener.activateListener' -> true]], class annotated with @DirtiesContext [false] with mode [null].
15:53:55.592 [Test worker] DEBUG org.springframework.test.context.support.TestPropertySourceUtils - Adding inlined properties to environment: {spring.jmx.enabled=false, org.springframework.boot.test.context.SpringBootTestContextBootstrapper=true}

  .   ____          _            __ _ _
 /\\ / ___'_ __ _ _(_)_ __  __ _ \ \ \ \
( ( )\___ | '_ | '_| | '_ \/ _` | \ \ \ \
 \\/  ___)| |_)| | | | | || (_| |  ) ) ) )
  '  |____| .__|_| |_|_| |_\__, | / / / /
 =========|_|==============|___/=/_/_/_/
 :: Spring Boot ::                (v2.4.3)

2021-02-24 15:53:55.958  INFO 74311 --- [    Test worker] c.s.e.EurekaServerApplicationTests       : Starting EurekaServerApplicationTests using Java 13.0.1 on Alfredos-MacBook-Pro.local with PID 74311 (started by alfredobenaute in /Users/alfredobenaute/bootcamp/bootcamp-shopvintage-eurekaserver)
2021-02-24 15:53:55.960  INFO 74311 --- [    Test worker] c.s.e.EurekaServerApplicationTests       : No active profile set, falling back to default profiles: default
2021-02-24 15:53:57.086  INFO 74311 --- [    Test worker] o.s.cloud.context.scope.GenericScope     : BeanFactory id=fcfbdd91-ff62-3b66-83e6-5359688e8a50
2021-02-24 15:53:57.998  INFO 74311 --- [    Test worker] o.s.s.concurrent.ThreadPoolTaskExecutor  : Initializing ExecutorService 'applicationTaskExecutor'
2021-02-24 15:53:58.719  INFO 74311 --- [    Test worker] DiscoveryClientOptionalArgsConfiguration : Eureka HTTP Client uses Jersey
2021-02-24 15:53:58.842  WARN 74311 --- [    Test worker] iguration$LoadBalancerCaffeineWarnLogger : Spring Cloud LoadBalancer is currently working with the default cache. You can switch to using Caffeine cache, by adding it and org.springframework.cache.caffeine.CaffeineCacheManager to the classpath.
2021-02-24 15:53:59.011  INFO 74311 --- [    Test worker] o.s.c.n.eureka.InstanceInfoFactory       : Setting initial instance status as: STARTING
2021-02-24 15:53:59.047  INFO 74311 --- [    Test worker] com.netflix.discovery.DiscoveryClient    : Initializing Eureka in region us-east-1
2021-02-24 15:53:59.049  INFO 74311 --- [    Test worker] com.netflix.discovery.DiscoveryClient    : Client configured to neither register nor query for data.
2021-02-24 15:53:59.059  INFO 74311 --- [    Test worker] com.netflix.discovery.DiscoveryClient    : Discovery Client initialized at timestamp 1614200039058 with initial instances count: 0
2021-02-24 15:53:59.118  INFO 74311 --- [    Test worker] c.n.eureka.DefaultEurekaServerContext    : Initializing ...
2021-02-24 15:53:59.120  INFO 74311 --- [    Test worker] c.n.eureka.cluster.PeerEurekaNodes       : Adding new peer nodes [http://localhost:8761/eureka/]
2021-02-24 15:53:59.332  INFO 74311 --- [    Test worker] c.n.d.provider.DiscoveryJerseyProvider   : Using JSON encoding codec LegacyJacksonJson
2021-02-24 15:53:59.332  INFO 74311 --- [    Test worker] c.n.d.provider.DiscoveryJerseyProvider   : Using JSON decoding codec LegacyJacksonJson
2021-02-24 15:53:59.332  INFO 74311 --- [    Test worker] c.n.d.provider.DiscoveryJerseyProvider   : Using XML encoding codec XStreamXml
2021-02-24 15:53:59.332  INFO 74311 --- [    Test worker] c.n.d.provider.DiscoveryJerseyProvider   : Using XML decoding codec XStreamXml
2021-02-24 15:53:59.557  INFO 74311 --- [    Test worker] c.n.eureka.cluster.PeerEurekaNodes       : Replica node URL:  http://localhost:8761/eureka/
2021-02-24 15:53:59.566  INFO 74311 --- [    Test worker] c.n.e.registry.AbstractInstanceRegistry  : Finished initializing remote region registries. All known remote regions: []
2021-02-24 15:53:59.567  INFO 74311 --- [    Test worker] c.n.eureka.DefaultEurekaServerContext    : Initialized
2021-02-24 15:53:59.727  INFO 74311 --- [    Test worker] o.s.b.a.e.web.EndpointLinksResolver      : Exposing 2 endpoint(s) beneath base path '/actuator'
2021-02-24 15:53:59.778  INFO 74311 --- [    Test worker] o.s.c.n.e.s.EurekaServiceRegistry        : Registering application BOOTCAMP-SHOPVINTAGE-EUREKA with eureka with status UP
2021-02-24 15:53:59.781  INFO 74311 --- [      Thread-12] o.s.c.n.e.server.EurekaServerBootstrap   : Setting the eureka configuration..
2021-02-24 15:53:59.792  INFO 74311 --- [      Thread-12] o.s.c.n.e.server.EurekaServerBootstrap   : isAws returned false
2021-02-24 15:53:59.793  INFO 74311 --- [      Thread-12] o.s.c.n.e.server.EurekaServerBootstrap   : Initialized server context
2021-02-24 15:53:59.793  INFO 74311 --- [      Thread-12] c.n.e.r.PeerAwareInstanceRegistryImpl    : Got 1 instances from neighboring DS node
2021-02-24 15:53:59.793  INFO 74311 --- [      Thread-12] c.n.e.r.PeerAwareInstanceRegistryImpl    : Renew threshold is: 1
2021-02-24 15:53:59.794  INFO 74311 --- [      Thread-12] c.n.e.r.PeerAwareInstanceRegistryImpl    : Changing status to UP
2021-02-24 15:53:59.803  INFO 74311 --- [    Test worker] c.s.e.EurekaServerApplicationTests       : Started EurekaServerApplicationTests in 4.203 seconds (JVM running for 5.379)
2021-02-24 15:53:59.810  INFO 74311 --- [      Thread-12] e.s.EurekaServerInitializerConfiguration : Started Eureka Server
]]></system-out>
  <system-err><![CDATA[]]></system-err>
</testsuite>
